2017-02-21 13:29:24,167 - pordedelog - [ERROR] - (1062, "Duplicate entry '/serie/chicago-pd' for key 'serie'")
2017-02-21 13:29:24,249 - pordedelog - [ERROR] - (1062, "Duplicate entry '/serie/the-oa' for key 'serie'")
2017-02-21 13:29:24,348 - pordedelog - [ERROR] - (1062, "Duplicate entry '/serie/divorce-2016' for key 'serie'")
2017-02-21 13:29:24,428 - pordedelog - [ERROR] - (1062, "Duplicate entry '/serie/code-black' for key 'serie'")
2017-02-21 13:29:24,509 - pordedelog - [ERROR] - (1062, "Duplicate entry '/serie/westworld-1' for key 'serie'")
2017-02-21 13:29:24,590 - pordedelog - [ERROR] - (1062, "Duplicate entry '/serie/the-expanse' for key 'serie'")
2017-02-21 13:29:24,670 - pordedelog - [ERROR] - (1062, "Duplicate entry '/serie/gilmore-girls-a-year-in-the-life' for key 'serie'")
2017-02-21 13:29:24,784 - pordedelog - [ERROR] - (1062, "Duplicate entry '/serie/gilmore-girls' for key 'serie'")
2017-02-21 13:29:24,865 - pordedelog - [ERROR] - (1062, "Duplicate entry '/serie/scrotal-recall' for key 'serie'")
2017-02-21 13:29:24,947 - pordedelog - [ERROR] - (1062, "Duplicate entry '/serie/pure-genius' for key 'serie'")
2017-02-21 13:29:25,027 - pordedelog - [ERROR] - (1062, "Duplicate entry '/serie/the-crown' for key 'serie'")
2017-02-21 13:29:25,107 - pordedelog - [ERROR] - (1062, "Duplicate entry '/serie/marvels-luke-cage-1' for key 'serie'")
2017-02-21 13:29:25,189 - pordedelog - [ERROR] - (1062, "Duplicate entry '/serie/peaky-blinders' for key 'serie'")
2017-02-21 13:29:25,269 - pordedelog - [ERROR] - (1062, "Duplicate entry '/serie/royal-pains' for key 'serie'")
2017-02-21 13:29:25,348 - pordedelog - [ERROR] - (1062, "Duplicate entry '/serie/young-&-hungry' for key 'serie'")
2017-02-21 13:29:25,431 - pordedelog - [ERROR] - (1062, "Duplicate entry '/serie/marco-polo-2014' for key 'serie'")
2017-02-21 13:29:25,511 - pordedelog - [ERROR] - (1062, "Duplicate entry '/serie/life-in-pieces' for key 'serie'")
2017-02-21 13:29:25,596 - pordedelog - [ERROR] - (1062, "Duplicate entry '/serie/grace-and-frankie' for key 'serie'")
2017-02-21 13:29:25,676 - pordedelog - [ERROR] - (1062, "Duplicate entry '/serie/izombie' for key 'serie'")
2017-02-21 13:29:25,757 - pordedelog - [ERROR] - (1062, "Duplicate entry '/serie/unreal' for key 'serie'")
2017-02-21 13:29:25,838 - pordedelog - [ERROR] - (1062, "Duplicate entry '/serie/love' for key 'serie'")
2017-02-21 13:29:25,945 - pordedelog - [ERROR] - (1062, "Duplicate entry '/serie/poldark-2015' for key 'serie'")
2017-02-21 13:29:26,025 - pordedelog - [ERROR] - (1062, "Duplicate entry '/serie/narcos' for key 'serie'")
2017-02-21 13:29:26,106 - pordedelog - [ERROR] - (1062, "Duplicate entry '/serie/z-nation' for key 'serie'")
2017-02-21 13:29:26,187 - pordedelog - [ERROR] - (1062, "Duplicate entry '/serie/the-night-shift' for key 'serie'")
2017-02-21 13:29:26,271 - pordedelog - [ERROR] - (1062, "Duplicate entry '/serie/brooklyn-nine-nine' for key 'serie'")
2017-02-21 13:29:26,350 - pordedelog - [ERROR] - (1062, "Duplicate entry '/serie/mozart-in-the-jungle' for key 'serie'")
2017-02-21 13:29:26,432 - pordedelog - [ERROR] - (1062, "Duplicate entry '/serie/the-middle' for key 'serie'")
2017-02-21 13:29:26,513 - pordedelog - [ERROR] - (1062, "Duplicate entry '/serie/catastrophe-2015' for key 'serie'")
2017-02-21 13:29:26,607 - pordedelog - [ERROR] - (1062, "Duplicate entry '/serie/blindspot' for key 'serie'")
2017-02-21 13:29:26,687 - pordedelog - [ERROR] - (1062, "Duplicate entry '/serie/the-last-man-on-earth' for key 'serie'")
2017-02-21 13:29:26,769 - pordedelog - [ERROR] - (1062, "Duplicate entry '/serie/outlander' for key 'serie'")
2017-02-21 13:29:26,850 - pordedelog - [ERROR] - (1062, "Duplicate entry '/serie/girls' for key 'serie'")
2017-02-21 13:29:26,950 - pordedelog - [ERROR] - (1062, "Duplicate entry '/tvshow/top-chef-espa\xc3\xb1a' for key 'serie'")
2017-02-21 13:29:27,075 - pordedelog - [ERROR] - (1062, "Duplicate entry '/serie/quantico' for key 'serie'")
2017-02-21 13:29:27,182 - pordedelog - [ERROR] - (1062, "Duplicate entry '/serie/true-detective' for key 'serie'")
2017-02-21 13:29:27,264 - pordedelog - [ERROR] - (1062, "Duplicate entry '/serie/ray-donovan' for key 'serie'")
2017-02-21 13:29:27,344 - pordedelog - [ERROR] - (1062, "Duplicate entry '/serie/criminal-minds' for key 'serie'")
2017-02-21 13:29:27,421 - pordedelog - [ERROR] - (1062, "Duplicate entry '/serie/new-girl' for key 'serie'")
2017-02-21 13:29:27,502 - pordedelog - [ERROR] - (1062, "Duplicate entry '/serie/orange-is-the-new-black' for key 'serie'")
2017-02-21 13:29:27,580 - pordedelog - [ERROR] - (1062, "Duplicate entry '/serie/killjoys' for key 'serie'")
2017-02-21 13:29:27,700 - pordedelog - [ERROR] - (1062, "Duplicate entry '/serie/mr-robot' for key 'serie'")
2017-02-21 13:29:28,184 - pordedelog - [ERROR] - (1062, "Duplicate entry '/tvshow/masterchef-spain' for key 'serie'")
2017-02-21 13:29:28,268 - pordedelog - [ERROR] - (1062, "Duplicate entry '/serie/supergirl' for key 'serie'")
2017-02-21 13:29:28,350 - pordedelog - [ERROR] - (1062, "Duplicate entry '/serie/silicon-valley' for key 'serie'")
2017-02-21 13:29:28,457 - pordedelog - [ERROR] - (1062, "Duplicate entry '/serie/black-mirror' for key 'serie'")
2017-02-21 13:29:28,537 - pordedelog - [ERROR] - (1062, "Duplicate entry '/serie/dark-matter' for key 'serie'")
2017-02-21 13:29:28,622 - pordedelog - [ERROR] - (1062, "Duplicate entry '/serie/game-of-thrones' for key 'serie'")
2017-02-21 13:29:28,704 - pordedelog - [ERROR] - (1062, "Duplicate entry '/serie/el-ministerio-del-tiempo' for key 'serie'")
2017-02-21 13:29:28,788 - pordedelog - [ERROR] - (1062, "Duplicate entry '/serie/daredevil' for key 'serie'")
2017-02-21 13:29:28,868 - pordedelog - [ERROR] - (1062, "Duplicate entry '/serie/how-to-get-away-with-murder' for key 'serie'")
2017-02-21 13:29:28,952 - pordedelog - [ERROR] - (1062, "Duplicate entry '/serie/black-ish' for key 'serie'")
2017-02-21 13:29:29,035 - pordedelog - [ERROR] - (1062, "Duplicate entry '/serie/the-mindy-project' for key 'serie'")
2017-02-21 13:29:29,118 - pordedelog - [ERROR] - (1062, "Duplicate entry '/serie/sherlock' for key 'serie'")
2017-02-21 13:29:29,199 - pordedelog - [ERROR] - (1062, "Duplicate entry '/serie/the-americans-2013' for key 'serie'")
2017-02-21 13:29:29,284 - pordedelog - [ERROR] - (1062, "Duplicate entry '/serie/marvels-agents-of-shield' for key 'serie'")
2017-02-21 13:29:29,415 - pordedelog - [ERROR] - (1062, "Duplicate entry '/serie/transparent' for key 'serie'")
2017-02-21 13:29:29,501 - pordedelog - [ERROR] - (1062, "Duplicate entry '/serie/shameless-us' for key 'serie'")
2017-02-21 13:29:29,575 - pordedelog - [ERROR] - (1062, "Duplicate entry '/serie/halt-and-catch-fire' for key 'serie'")
2017-02-21 13:29:29,654 - pordedelog - [ERROR] - (1062, "Duplicate entry '/serie/hannibal' for key 'serie'")
2017-02-21 13:29:29,740 - pordedelog - [ERROR] - (1062, "Duplicate entry '/serie/suits' for key 'serie'")
2017-02-21 13:29:29,821 - pordedelog - [ERROR] - (1062, "Duplicate entry '/serie/the-blacklist' for key 'serie'")
2017-02-21 13:29:29,901 - pordedelog - [ERROR] - (1062, "Duplicate entry '/serie/house-of-cards-us' for key 'serie'")
2017-02-21 13:29:29,994 - pordedelog - [ERROR] - (1062, "Duplicate entry '/serie/the-affair' for key 'serie'")
2017-02-21 13:29:30,096 - pordedelog - [ERROR] - (1062, "Duplicate entry '/serie/mom' for key 'serie'")
2017-02-21 13:29:30,175 - pordedelog - [ERROR] - (1062, "Duplicate entry '/serie/fargo' for key 'serie'")
2017-02-21 13:29:30,256 - pordedelog - [ERROR] - (1062, "Duplicate entry '/serie/homeland' for key 'serie'")
2017-02-21 13:29:30,339 - pordedelog - [ERROR] - (1062, "Duplicate entry '/serie/modern-family' for key 'serie'")
2017-02-21 13:29:30,419 - pordedelog - [ERROR] - (1062, "Duplicate entry '/serie/sons-of-anarchy' for key 'serie'")
2017-02-21 13:29:30,521 - pordedelog - [ERROR] - (1062, "Duplicate entry '/serie/the-big-bang-theory' for key 'serie'")
